  Pix.cpp
c:\users\user\source\repos\project9\project9\pix.cpp(92): warning C4244: инициализация: преобразование "double" в "float", возможна потеря данных
c:\users\user\source\repos\project9\project9\pix.cpp(93): warning C4244: инициализация: преобразование "double" в "float", возможна потеря данных
c:\users\user\source\repos\project9\project9\pix.cpp(114): warning C4244: +=: преобразование "double" в "float", возможна потеря данных
c:\users\user\source\repos\project9\project9\pix.cpp(122): warning C4244: инициализация: преобразование "double" в "float", возможна потеря данных
c:\users\user\source\repos\project9\project9\pix.cpp(123): warning C4244: инициализация: преобразование "double" в "float", возможна потеря данных
c:\users\user\source\repos\project9\project9\pix.cpp(127): warning C4244: инициализация: преобразование "double" в "float", возможна потеря данных
c:\users\user\source\repos\project9\project9\pix.cpp(155): warning C4244: =: преобразование "int" в "float", возможна потеря данных
c:\users\user\source\repos\project9\project9\pix.cpp(156): warning C4244: =: преобразование "float" в "_Tp", возможна потеря данных
          with
          [
              _Tp=uint8_t
          ]
c:\users\user\source\repos\project9\project9\pix.cpp(146): warning C4101: b: неиспользованная локальная переменная
c:\users\user\source\repos\project9\project9\pix.cpp(146): warning C4101: dd: неиспользованная локальная переменная
c:\users\user\source\repos\project9\project9\pix.cpp(146): warning C4101: dh: неиспользованная локальная переменная
c:\users\user\source\repos\project9\project9\pix.cpp(146): warning C4101: dv: неиспользованная локальная переменная
c:\users\user\source\repos\project9\project9\pix.cpp(219): warning C4244: =: преобразование "double" в "_Tp", возможна потеря данных
          with
          [
              _Tp=uint8_t
          ]
c:\users\user\source\repos\project9\project9\pix.cpp(220): warning C4244: =: преобразование "double" в "_Tp", возможна потеря данных
          with
          [
              _Tp=uint8_t
          ]
c:\users\user\source\repos\project9\project9\pix.cpp(221): warning C4244: =: преобразование "double" в "_Tp", возможна потеря данных
          with
          [
              _Tp=uint8_t
          ]
c:\users\user\source\repos\project9\project9\pix.cpp(222): warning C4244: =: преобразование "double" в "_Tp", возможна потеря данных
          with
          [
              _Tp=uint8_t
          ]
c:\users\user\source\repos\project9\project9\pix.cpp(260): warning C4244: инициализация: преобразование "int" в "float", возможна потеря данных
c:\users\user\source\repos\project9\project9\pix.cpp(261): warning C4244: инициализация: преобразование "int" в "float", возможна потеря данных
c:\users\user\source\repos\project9\project9\pix.cpp(304): warning C4244: инициализация: преобразование "int" в "float", возможна потеря данных
c:\users\user\source\repos\project9\project9\pix.cpp(305): warning C4244: инициализация: преобразование "int" в "float", возможна потеря данных
c:\users\user\source\repos\project9\project9\pix.cpp(306): warning C4244: инициализация: преобразование "int" в "float", возможна потеря данных
c:\users\user\source\repos\project9\project9\pix.cpp(307): warning C4244: инициализация: преобразование "int" в "float", возможна потеря данных
c:\users\user\source\repos\project9\project9\pix.cpp(308): warning C4244: инициализация: преобразование "int" в "float", возможна потеря данных
c:\users\user\source\repos\project9\project9\pix.cpp(309): warning C4244: инициализация: преобразование "int" в "float", возможна потеря данных
c:\users\user\source\repos\project9\project9\pix.cpp(310): warning C4244: инициализация: преобразование "int" в "float", возможна потеря данных
c:\users\user\source\repos\project9\project9\pix.cpp(311): warning C4244: инициализация: преобразование "int" в "float", возможна потеря данных
c:\users\user\source\repos\project9\project9\pix.cpp(333): warning C4244: инициализация: преобразование "int" в "float", возможна потеря данных
c:\users\user\source\repos\project9\project9\pix.cpp(334): warning C4244: инициализация: преобразование "int" в "float", возможна потеря данных
c:\users\user\source\repos\project9\project9\pix.cpp(336): warning C4244: =: преобразование "float" в "_Tp", возможна потеря данных
          with
          [
              _Tp=uint8_t
          ]
c:\users\user\source\repos\project9\project9\pix.cpp(377): warning C4244: инициализация: преобразование "double" в "float", возможна потеря данных
c:\users\user\source\repos\project9\project9\pix.cpp(381): warning C4244: =: преобразование "float" в "_Tp", возможна потеря данных
          with
          [
              _Tp=uint8_t
          ]
c:\users\user\source\repos\project9\project9\pix.cpp(405): warning C4244: инициализация: преобразование "int" в "float", возможна потеря данных
c:\users\user\source\repos\project9\project9\pix.cpp(407): warning C4244: =: преобразование "float" в "_Tp", возможна потеря данных
          with
          [
              _Tp=uint8_t
          ]
c:\users\user\source\repos\project9\project9\pix.cpp(426): warning C4244: инициализация: преобразование "int" в "float", возможна потеря данных
c:\users\user\source\repos\project9\project9\pix.cpp(428): warning C4244: =: преобразование "float" в "_Tp", возможна потеря данных
          with
          [
              _Tp=uint8_t
          ]
  Создание кода
  2 of 399 functions ( 0.5%) were compiled, the rest were copied from previous compilation.
    0 functions were new in current compilation
    0 functions had inline decision re-evaluated but remain unchanged
  Создание кода завершено
  Project9.vcxproj -> C:\Users\User\source\repos\Project9\x64\Release\Project9.exe
